<?xml version="1.0" encoding="UTF-8"?>
<testng-results ignored="0" total="1" passed="1" failed="0" skipped="0">
  <reporter-output>
  </reporter-output>
  <suite started-at="2023-12-06T13:05:14 IST" name="Default suite" finished-at="2023-12-06T13:05:22 IST" duration-ms="7077">
    <groups>
    </groups>
    <test started-at="2023-12-06T13:05:14 IST" name="Default test" finished-at="2023-12-06T13:05:22 IST" duration-ms="7077">
      <class name="testNG_Youtube.SettingsOption">
        <test-method is-config="true" signature="openbr()[pri:0, instance:testNG_Youtube.SettingsOption@7d898981]" started-at="2023-12-06T13:05:15 IST" name="openbr" finished-at="2023-12-06T13:05:18 IST" duration-ms="3158" status="PASS">
          <reporter-output>
          </reporter-output>
        </test-method> <!-- openbr -->
        <test-method is-config="true" signature="setup()[pri:0, instance:testNG_Youtube.SettingsOption@7d898981]" started-at="2023-12-06T13:05:18 IST" name="setup" finished-at="2023-12-06T13:05:18 IST" duration-ms="0" status="PASS">
          <reporter-output>
          </reporter-output>
        </test-method> <!-- setup -->
        <test-method signature="test()[pri:0, instance:testNG_Youtube.SettingsOption@7d898981]" started-at="2023-12-06T13:05:18 IST" name="test" finished-at="2023-12-06T13:05:21 IST" duration-ms="3392" status="PASS">
          <reporter-output>
          </reporter-output>
        </test-method> <!-- test -->
        <test-method is-config="true" signature="tearDown()[pri:0, instance:testNG_Youtube.SettingsOption@7d898981]" started-at="2023-12-06T13:05:21 IST" name="tearDown" finished-at="2023-12-06T13:05:22 IST" duration-ms="488" status="PASS">
          <reporter-output>
          </reporter-output>
        </test-method> <!-- tearDown -->
      </class> <!-- testNG_Youtube.SettingsOption -->
    </test> <!-- Default test -->
  </suite> <!-- Default suite -->
</testng-results>
